no change     /projects/netpub/anaconda3/2022.05/condabin/conda
no change     /projects/netpub/anaconda3/2022.05/bin/conda
no change     /projects/netpub/anaconda3/2022.05/bin/conda-env
no change     /projects/netpub/anaconda3/2022.05/bin/activate
no change     /projects/netpub/anaconda3/2022.05/bin/deactivate
no change     /projects/netpub/anaconda3/2022.05/etc/profile.d/conda.sh
no change     /projects/netpub/anaconda3/2022.05/etc/fish/conf.d/conda.fish
no change     /projects/netpub/anaconda3/2022.05/shell/condabin/Conda.psm1
no change     /projects/netpub/anaconda3/2022.05/shell/condabin/conda-hook.ps1
no change     /projects/netpub/anaconda3/2022.05/lib/python3.9/site-packages/xontrib/conda.xsh
no change     /projects/netpub/anaconda3/2022.05/etc/profile.d/conda.csh
no change     /ascldap/users/adrohsk/.bashrc
No action taken.

WARNING: Bulk train size 1 + test size 1 > nfiles 1
         Forcing testing size to add up properly.

'scrape_configs' took 448.21 ms on rank 0
'process_configs' took 35732.57 ms on rank 0
printing fit:  [-3.52491747e+00 -2.49042642e+00  6.27190717e-01  4.16812082e+00
  1.02592740e+00 -6.49477124e-01  1.41600215e+00  1.69418172e+00
 -2.54745657e+00  9.70280052e-01  7.31832937e-01 -9.27500571e-02
 -2.64156994e-01  2.61668060e-01  3.18856089e-01 -2.31896473e-01
  1.82232886e-01 -1.11848432e+00 -1.53396980e+00  1.65453991e-01
  1.63366463e-01  6.44562312e-01  7.97840598e-01 -8.11169279e-02
 -3.07180729e-01 -6.45982234e-01 -5.29857007e-01 -1.20065044e-01
  4.69789744e-01  4.86757691e-01 -2.81383755e-04 -2.76139798e-01
 -1.78706586e-01  2.84317725e-01 -5.51622760e-03 -5.88024829e-01
  1.34926691e+00  1.10826547e+00 -5.60555356e-01 -6.57979992e-01
 -1.65735058e+00 -1.11912190e+00 -2.74207702e-01  7.42508858e-01
  5.50094740e-01 -2.71938723e-01 -1.19747619e+00  2.36657236e-01
  2.20014796e+00 -6.21789686e-01  7.93431763e-01  2.03950909e+00
  8.52816496e-01 -5.12156115e-01  3.45362940e-01  1.31787479e-01
 -6.30583954e-01  1.17327093e+00 -6.75939592e-01  1.86130826e-01
 -3.20073591e-01 -9.54023243e-01  8.69965618e-01 -3.25033218e-01
  9.28623294e-01  1.68843336e-01  1.53529045e-02 -3.97647527e-01
 -1.02828453e+00  3.06447318e-01  1.49338734e+00 -3.83566394e-01
 -4.41770119e-01 -5.63779635e-01 -1.55378906e+00 -1.14980062e+00
 -1.05189222e+00 -1.42906443e+00 -8.37082873e-01  1.04981017e+00
  1.90788891e+00 -1.22680346e+00 -3.27910512e-02  4.03551857e-02
  1.62639312e-01  5.82360012e-02  1.44370148e-01  4.32564089e-01
 -5.51653340e-01  3.03392732e-01  2.04238621e+00 -1.01351959e+00
 -1.00315713e-03  1.18621535e+00 -2.57842153e-01 -4.48524884e-01
  3.97383170e-01  4.29830892e-01  2.00984628e+00  9.23664768e-01
  5.47649614e-01  3.02401370e-01  3.24155599e-01 -1.37655598e+00
 -1.71181757e+00  5.40505752e-01  3.02627913e-02  1.30040627e+00
  3.12280950e+00  2.22687265e+00 -3.15106331e+00 -1.10102457e+00
 -2.02998157e+00  3.11975951e-01  1.32730592e-01 -2.22943587e-01
 -1.12403427e+00 -2.71115216e+00  1.41776130e+00  5.55107789e-01
  2.06118147e-01  2.39169148e+00 -2.05356566e+00 -5.01413126e-01
  4.21214771e+00 -1.75318311e+00 -1.94332892e+00  4.01295762e-01
  3.02584213e+00 -1.63520860e+00 -1.25686822e+00  6.51619000e-01
 -1.67446157e+00  2.70618421e+00  2.02520434e+00 -9.17074904e-01
  4.11518334e+00 -1.74405339e+00  4.46938161e-01  7.09176818e-01
 -6.49080038e-01 -8.71546957e-02  3.30089637e-01 -4.49782266e-02
  1.71400856e-01  6.52927320e-02 -2.54248539e-01 -1.21129384e-01
 -1.47508534e-01  3.67577855e-03 -1.14445638e-02  2.06675241e-02
  4.89340451e-02 -2.83194542e-01  5.62045683e-01 -1.94464248e-01
  7.92474278e-02  1.19217677e-01 -2.18260516e-01  1.28636366e-01
 -1.62089627e-02 -3.15119176e-04 -5.16794807e-02 -1.50003876e-01
  2.43869629e-01 -1.55372549e-01 -2.45461085e-02  5.39331202e-01
  4.30645894e-01 -3.45860851e-01 -9.44488558e-02 -2.33501954e-01
 -1.32001485e-01  1.10335237e-01 -1.52726746e-01  4.13102083e-01
 -1.92756799e-01 -1.45773715e-01  7.47339648e-02 -1.05229787e-01
 -5.86546034e-02 -1.77048605e-02 -5.79487980e-02  9.71380186e-03
 -1.41744934e-01  3.13564367e-02 -2.78190703e-02 -2.29095364e-02
  2.01816776e-01  8.44124189e-02 -8.65802266e-02  4.03015347e-01
 -8.23210451e-01  5.57107026e-01 -4.02590639e-01 -3.10516219e-02
 -2.76169935e-01  4.70948546e-01 -2.81011879e-01  1.38592499e-01
 -1.99521408e-01 -4.56447590e-02  1.82715984e-01  9.84147379e-01
  4.65727811e-02 -3.62039627e-01 -2.20997764e-01  2.19446350e-01
 -6.05169369e-01  2.72061062e-01 -7.52185909e-02  2.87948663e-01
 -9.84487159e-02  3.45599188e-01  7.10939424e-02 -4.77649767e-01
 -2.41004221e-01 -1.47620674e-04  1.19601744e-01  7.40524120e-02
 -1.56406975e-01  2.33899891e-01 -8.59425314e-02  1.00554202e-01
  5.18675455e-01  2.27170132e-01  1.92990936e-01 -4.54359016e+00
 -2.50120681e+00  2.99260292e+00  1.77568104e+00 -4.55423220e+00
  7.96632613e-01  3.14445809e+00 -2.40733009e+00 -7.98281178e-01
  2.36233133e+00 -1.72251865e+00  6.81686087e-01 -1.26397656e-01
 -1.53217072e+00  6.47681149e-01  1.59823800e-01 -2.38109836e-01
  8.01512388e-01 -2.45444842e-01 -3.09193484e-01  8.68983082e-02
 -5.29619141e-01  2.00790650e-01  4.70429800e-01 -8.29740362e-02
 -7.78932591e-04 -4.00844850e-01 -1.78510574e-01  9.89268412e-02
  9.48576898e-01  1.03056483e+00  7.29072083e-02  4.81944721e-01
  4.67740495e-01 -2.21147704e+00  7.17628560e-01 -1.15659850e-01
 -1.46975505e+00 -1.13986609e+00  8.47260253e-03 -9.68730940e-02
 -1.76987324e+00  1.90752517e+00  9.31715515e-01 -6.24785156e-01
  1.23383554e+00 -1.87751296e-01 -5.29727466e-01 -2.09521291e+00
 -2.44519897e+00 -5.25958626e-01  5.87819333e-01  2.09543039e+00
 -2.94173676e-01  1.67031475e+00  1.23101966e+00 -8.64828565e-01
  8.12438610e-01  1.05408411e+00 -2.84621043e-02  1.28885402e-01
 -2.28936188e-01  1.78186799e+00  3.95609899e-01 -5.25595342e-01
 -3.94970837e+00 -1.47609626e+00  3.57802318e-01  1.74937136e+00
  3.60118624e+00 -2.65305769e-02  3.76420075e-01  6.15629853e-01
  1.26120971e+00  5.27748706e+00 -5.65576551e-01 -3.18637685e+00
 -2.21347202e+00  8.80094646e-01 -3.26645064e-01 -1.30680349e+00
  1.29720911e+00 -2.45992198e+00 -1.87169230e+00  3.95513621e+00
  9.52094389e-01  8.81659221e-02  9.29983342e-02  1.12869998e+00
 -2.42823931e+00 -2.87083518e+00 -1.10744620e+00  3.46370270e-01
  4.00728691e+00  2.56418021e+00  1.98733479e+00  2.11731780e+00
 -3.46211177e+00 -2.63197819e+00 -1.74056372e+00  8.28884388e-01
 -2.18502962e-01 -6.47056897e-02  8.72568125e-01 -3.10661693e-01
 -2.74027349e+00 -1.18712702e+00  1.62094131e+00 -6.18065585e-01
 -2.68118083e+00  1.57845691e-01  2.03029898e+00  1.70362075e+00
  7.08830639e-01  5.47729192e-01  6.80386091e-02 -1.46052182e-01
  1.84351555e-01  1.50007502e+00  5.97215716e-01 -1.66223230e+00
  1.52295040e+00  1.33610673e+00 -1.08366749e+00 -1.07930595e+00
  6.06515071e-01  1.19642581e+00  2.01987355e+00 -3.64881746e-01
 -1.06921192e+00  5.50752645e-01  7.28596903e-01 -1.59011225e+00
  2.38746176e+00 -5.83825475e-01 -6.01444055e-01 -2.76648367e+00
 -2.25107584e-01 -6.34310141e-01  5.26741412e-01 -2.98037191e-02
  5.12990825e-01  9.12582006e-01 -2.59062548e-01  1.85371591e+00
 -4.66861735e-01 -1.13618134e+00 -7.47506568e-02 -3.58345267e-02
  1.52395490e-01 -6.05512098e-01  4.13343537e-01 -3.94300841e-01
 -7.78863369e-03 -3.32572369e-02 -2.93466018e-01  3.97703583e-01
  1.40755870e-01  5.29931261e-01  1.75032311e-01  2.63912883e-01
 -5.25738008e-01 -1.06060894e+00 -3.25514834e-01 -8.89624863e-01
  3.27372510e-01 -9.90177091e-01 -7.78155908e-02  6.36963273e-01
  2.05658435e-01  4.18868500e-01  4.13608213e-01 -3.41924730e-01
 -2.64777383e-01  6.99914729e-01 -2.17176575e-01 -8.74458333e-01
 -1.69094100e-01  2.63299442e-01 -5.34290033e-01  2.31445019e-01
 -2.96705727e-02  9.04940099e-02  7.91546711e-02  3.87655305e-01
 -4.40934692e-02 -2.22186753e-01 -1.51565818e-01  2.88478103e-01
  8.20726202e-02  3.83801622e-01 -5.07526908e-01 -1.40572128e-01
  1.39949720e-01 -7.58716613e-01  3.00920890e-01 -5.31763547e-01
 -3.23439863e-01 -1.23621963e-02  1.11837037e-01 -9.42021223e-02
  5.56644363e-02  4.37938987e-02 -1.28286128e-01 -8.39794715e-03
 -1.78764131e-01  3.57484517e-01  4.09161193e-02  4.21805351e-01
 -9.56644134e-02  1.87312760e-01 -2.30223315e-01 -2.40939631e-01
  6.79057599e-02  1.65044692e-01 -3.11992317e-02  9.69120696e-02
  1.68757991e-01  2.16600710e-01]
'fit' took 4432.91 ms on rank 0
'error_analysis' took 5413.32 ms on rank 0
'write_output' took 1950.68 ms on rank 0
