no change     /projects/netpub/anaconda3/2022.05/condabin/conda
no change     /projects/netpub/anaconda3/2022.05/bin/conda
no change     /projects/netpub/anaconda3/2022.05/bin/conda-env
no change     /projects/netpub/anaconda3/2022.05/bin/activate
no change     /projects/netpub/anaconda3/2022.05/bin/deactivate
no change     /projects/netpub/anaconda3/2022.05/etc/profile.d/conda.sh
no change     /projects/netpub/anaconda3/2022.05/etc/fish/conf.d/conda.fish
no change     /projects/netpub/anaconda3/2022.05/shell/condabin/Conda.psm1
no change     /projects/netpub/anaconda3/2022.05/shell/condabin/conda-hook.ps1
no change     /projects/netpub/anaconda3/2022.05/lib/python3.9/site-packages/xontrib/conda.xsh
no change     /projects/netpub/anaconda3/2022.05/etc/profile.d/conda.csh
no change     /ascldap/users/adrohsk/.bashrc
No action taken.

WARNING: Bulk train size 1 + test size 1 > nfiles 1
         Forcing testing size to add up properly.

'scrape_configs' took 345.04 ms on rank 0
'process_configs' took 874267.32 ms on rank 0
printing fit:  [-1.41855095e+00 -6.21182531e-01 -9.89815821e-02 ...  5.48274574e-03
  1.37107776e-03  1.27742060e-02]
'fit' took 354895.31 ms on rank 0
'error_analysis' took 86368.43 ms on rank 0
'write_output' took 5846.67 ms on rank 0
