no change     /projects/netpub/anaconda3/2022.05/condabin/conda
no change     /projects/netpub/anaconda3/2022.05/bin/conda
no change     /projects/netpub/anaconda3/2022.05/bin/conda-env
no change     /projects/netpub/anaconda3/2022.05/bin/activate
no change     /projects/netpub/anaconda3/2022.05/bin/deactivate
no change     /projects/netpub/anaconda3/2022.05/etc/profile.d/conda.sh
no change     /projects/netpub/anaconda3/2022.05/etc/fish/conf.d/conda.fish
no change     /projects/netpub/anaconda3/2022.05/shell/condabin/Conda.psm1
no change     /projects/netpub/anaconda3/2022.05/shell/condabin/conda-hook.ps1
no change     /projects/netpub/anaconda3/2022.05/lib/python3.9/site-packages/xontrib/conda.xsh
no change     /projects/netpub/anaconda3/2022.05/etc/profile.d/conda.csh
no change     /ascldap/users/adrohsk/.bashrc
No action taken.

WARNING: Bulk train size 1 + test size 1 > nfiles 1
         Forcing testing size to add up properly.

'scrape_configs' took 416.53 ms on rank 0
'process_configs' took 11468.51 ms on rank 0
printing fit:  [ -2.44195215  -4.09468667   1.94588473  12.9334893  -11.98706002
   6.49407275   3.33457652  -4.71332193   2.07337583   0.30163947
  -4.04005277   4.01692448   5.7440269   -4.50572333  -3.34943417
   1.72662427   0.51593724   0.30364531   0.44804181  -0.44699168
   4.04927642   0.95647407  -3.90481411  -4.73070257   2.31291546
  -0.73853041  -0.88155486   3.73488478   5.52419743  11.10217728
   1.3437994    2.75484498   4.55330095   2.89894319  -4.38148649
   1.16190699  -4.29405374  -1.72800067  -0.87281767   4.08327325
  -1.93203213  -1.79602541   1.17615571   0.77477274  -0.21736284
  -1.22763173  -0.59349702  -1.27861143  -0.66899389  -8.90431492
 -18.37981635   0.08710503   1.16329469   1.78197643  -0.47906566
  -0.18899819   2.22388543  -1.01988789   3.71564194   0.64099924
  -0.46440184  -0.84192945   2.36936745   0.14185845  -1.8460147
  -1.80511113   0.36392534   2.76400904  -3.53068175  -1.71498061
   2.71466833  12.4406031    4.02668252   2.00987621  -3.44524257
   1.53778481  -6.97794284  -0.04747451  -0.23081138  -0.63038534
   0.13513058  -0.41665509   0.59220418  -0.18004798   0.10447024
  -0.50491136   0.06860245   0.32442408  -1.22047432   2.36705169
  -1.26771662   0.92501301  -0.27663673   0.53613421  -0.24901753
   0.27026125  -0.16480477  -0.24374243   0.66291732  -0.63105205
   1.45445928  -1.48714953  -0.98039327   2.44426856  -2.15213441
   1.90332945  -1.68665299  -1.62774821  -1.94204021   0.36345286
   1.88241505   0.40988778   0.51980216  -2.20765973   2.14499629
  -0.61259904  -1.50099396  -0.27304674   0.20714706  -0.14343281
   0.09889165  -0.69051795   1.80993374  -0.26571284   0.1091021
   0.06717682   2.4286086   -1.90194271   0.66658248   6.28955856
 -10.76865113   3.64315872   3.63472718  -4.82078739   2.10815765
  -4.04017363  -4.68467617   5.74400289   0.30723105  -3.3495994
   1.85461091   0.51598139  -1.23758894   0.42972184   1.62102715
  -1.75827839  -0.06627979   0.08566715  -3.12671466   0.69569188
   1.50591648   2.24246794  -3.27330352   8.20452178   5.12213022
  -0.32354156  -4.32162029  12.20655087   3.23774131   2.09529616
 -10.84402631  -0.44215014  -1.02621302  -1.23245642  -0.20707274
   0.17624086  -1.69230142  -3.69305284  -6.9820283   -6.44571545
   0.612456     3.27488184   7.17022234  -3.50880509  -8.71788966
  -4.37715392  -1.62142372   6.43904896   3.98494437  -2.89926895
  -1.12750156  -1.09126308   1.32772822  -3.05873012   1.49559178
  -2.86104817   3.70125439   0.06509604   1.79323422  -3.26010153
   6.60563779   2.00618476   1.74333626  -7.11658546   7.56475883
  10.22071215  -0.08534935  -4.7049087   -3.31477689  -9.23159767
   2.34439527  -1.97463494   1.57929834  -0.45446529   0.60338485
   3.65602653  -0.08373505  -0.98209186   0.79222863  -0.19724988
  -0.29498978   2.07227586  -2.08711394   1.58897835  -0.03346299
  -1.66911727   0.09707317  -0.37584316   0.18698933  -0.47436657
   0.32550363   0.10731006  -2.93000119   0.88134521   0.02080703
   0.52677904  -0.79770738  -0.26443867   0.58196449  -0.97190421
   0.27014096  -2.05345688   0.47056875   0.70259007   1.37281965
  -0.24576868  -2.04106137  -0.50220743   0.34916194  -0.77736799
   1.04752819  -0.50531768   0.57829445  -0.20366018   0.52277849
  -0.32672605   0.5072241   -0.02326452  -0.95649387  -0.40332351
   0.06258957   0.10996094]
'fit' took 2049.41 ms on rank 0
'error_analysis' took 3205.75 ms on rank 0
'write_output' took 1790.30 ms on rank 0
