no change     /projects/netpub/anaconda3/2022.05/condabin/conda
no change     /projects/netpub/anaconda3/2022.05/bin/conda
no change     /projects/netpub/anaconda3/2022.05/bin/conda-env
no change     /projects/netpub/anaconda3/2022.05/bin/activate
no change     /projects/netpub/anaconda3/2022.05/bin/deactivate
no change     /projects/netpub/anaconda3/2022.05/etc/profile.d/conda.sh
no change     /projects/netpub/anaconda3/2022.05/etc/fish/conf.d/conda.fish
no change     /projects/netpub/anaconda3/2022.05/shell/condabin/Conda.psm1
no change     /projects/netpub/anaconda3/2022.05/shell/condabin/conda-hook.ps1
no change     /projects/netpub/anaconda3/2022.05/lib/python3.9/site-packages/xontrib/conda.xsh
no change     /projects/netpub/anaconda3/2022.05/etc/profile.d/conda.csh
no change     /ascldap/users/adrohsk/.bashrc
No action taken.

WARNING: Bulk train size 1 + test size 1 > nfiles 1
         Forcing testing size to add up properly.

'scrape_configs' took 592.56 ms on rank 0
'process_configs' took 63062.01 ms on rank 0
printing fit:  [-2.61561677e+00 -2.04313953e-01 -3.98197366e-02  3.31217394e-01
  1.00870237e+00  9.35251506e-01 -2.35056951e-01  5.39866867e-01
 -1.08922045e+00 -1.90264053e-01  1.63598321e+00 -1.40702927e+00
  4.99580520e-01  2.85487039e-01  3.84423472e-01 -5.78620738e-01
 -6.33676883e-01 -2.34654876e-01 -1.76933537e-01  2.32485448e-01
  5.10320737e-01  1.83020709e-01 -2.51310250e-01 -3.82336316e-01
  6.16480084e-03  4.42812790e-01 -8.52725252e-01 -1.43942275e+00
 -1.06792894e+00 -9.64401971e-01  9.81462653e-01  4.39440214e-01
  6.46094209e-01  7.59629432e-01 -9.11286358e-01 -1.91247309e-01
  6.96239150e-01  5.56699608e-02  7.47367406e-01  5.17996304e-01
  5.93866550e-01 -1.16458204e+00 -5.50564288e-01  7.71260308e-01
 -1.44703850e+00  3.74111128e-01  6.36693269e-01 -1.63797480e-01
  6.33917091e-01  2.39534556e-02 -3.59744827e-01  1.69145333e-01
  6.71415732e-01  2.55502399e-01 -1.36003846e+00  6.06949231e-01
 -1.69789407e-01  2.63394229e-01  1.64842105e+00  1.63399300e-01
 -6.60909932e-01 -1.69197650e-01 -6.66888293e-01 -2.55578542e-01
  1.79465108e-01 -1.22331979e+00  1.67124269e-01 -4.68369813e-01
 -1.78732312e-02 -1.73682879e-01 -1.40897051e+00 -2.83132759e-01
 -1.91287853e+00 -3.55821446e-01  6.16803402e-01  1.51417223e+00
 -1.12650699e+00  1.00564799e+00  5.62511111e-01  9.88394479e-01
  3.68563976e-02  3.79258101e-01  3.24465967e-01  1.62933750e-01
 -8.71000242e-01 -9.46788732e-01  3.33332469e-01 -7.26708328e-01
 -1.13184196e+00 -2.76760970e-02  9.84504743e-01  1.63839110e-01
 -5.09183609e-01 -1.14098178e-01  5.00648282e-01 -1.67577314e-01
 -5.45726838e-01 -3.37948136e-01  5.15432915e-02 -1.00754921e+00
 -7.42377208e-01  2.15611842e-01  5.29311486e-01 -7.14050277e-01
 -2.95259980e-01  5.28770808e-01 -6.01841096e-01 -7.54617145e-01
 -3.45192657e-01 -2.82380684e-01 -1.45380937e+00 -6.37855209e-01
  7.57631573e-01  1.28175541e+00 -6.55715349e-01 -9.25322731e-02
  6.08238289e-01 -1.62006773e-01 -4.98372974e-01 -6.08452831e-01
  5.66991252e-01  1.24618412e+00  2.83410035e-01  2.56092988e-01
  3.26815921e-01 -2.20507535e+00  1.12079896e+00  6.56364286e-01
  1.07283140e+00  3.59483917e-01  5.71314664e-01 -1.67326402e+00
  7.85039154e-01  3.76572036e-01 -1.51306817e+00  1.44444741e+00
  8.58943161e-02 -1.71994826e-01 -1.23818882e+00 -2.37166711e+00
 -6.30373455e-01 -4.17562518e-01 -1.74837901e+00 -6.52692396e-01
 -1.11579777e+00  1.40370489e+00  1.35826881e+00 -5.47211362e-01
 -1.00917345e+00  6.05154318e-01  3.11147589e-01 -2.68419216e-01
  2.40609654e-01  6.40951447e-01  2.11107269e-02  6.30136163e-01
  8.36827499e-01  1.15247699e-02 -3.55697021e-01 -4.62312105e-01
 -5.38111731e-01 -3.35603150e-01 -1.09807633e+00  1.09249612e-01
  6.12006990e-01  1.41820021e+00  1.62048160e+00  8.77094543e-01
  8.36725062e-01 -4.68248105e-01 -1.10673200e+00  1.12087939e+00
  5.96089988e-01 -1.02512198e+00 -1.62036626e+00  3.25926437e-01
  1.20225297e+00 -1.63174860e+00 -6.71207900e-01 -4.29029599e-01
  9.98184253e-01  1.11587260e+00  1.48372766e+00  8.38836957e-01
 -1.29356707e+00 -6.39896576e-01  1.01809956e+00  1.52980425e-02
 -6.19827155e-01 -1.23369200e+00  8.61706817e-01  1.34818753e-01
  1.99978189e-01 -1.77359993e+00 -7.89549867e-01 -5.58224291e-01
 -2.06868334e+00 -9.68531240e-01  9.22425555e-01  2.35983239e+00
  7.48976652e-01 -5.52455975e-01 -1.55424911e+00 -3.38092667e-01
 -2.22008709e-01 -1.39339718e+00  4.14136766e-01 -8.45490988e-02
 -9.77537352e-01  3.10354728e-01 -5.85734030e-01 -1.11817976e+00
  1.38300653e-01 -6.56668730e-01 -8.34193559e-01  9.77773847e-01
 -2.80596356e-01 -9.31234755e-02 -2.33772242e-01  4.70671012e-01
 -1.92287466e-02  6.95870213e-01  2.82750570e-01  2.32172291e-01
  5.88958406e-01  3.43170237e-01  1.46524854e+00 -1.21471964e-02
  3.89385340e-01  5.90490751e-01  1.51158132e-01  1.89420152e-01
 -7.88268293e-01 -5.87118945e-01 -2.97453386e-01 -1.29481813e+00
  2.34023019e-01 -7.64901979e-02 -1.18947515e+00  1.14485296e+00
  1.86216688e+00 -1.46148351e+00  9.13373822e-01  6.11881071e-01
  3.13739783e-01 -3.34500355e-02  1.73704286e-01  7.36829938e-02
  6.22415261e-02  1.08932314e-01 -8.47026386e-02  1.47392553e-02
  1.30223808e-01 -2.01554875e-01  8.52371592e-02  7.16486519e-02
 -4.38246567e-02 -1.23731799e-01  2.11032315e-01 -5.36271675e-02
  7.16408740e-02  2.28288005e-01 -4.38252242e-01  2.41409496e-01
 -1.87742740e-01 -3.39585045e-01  6.84945535e-01 -2.79094768e-01
  3.23338332e-01  8.80672319e-02 -6.30177037e-02 -1.11288848e-01
  2.33951370e-01  3.10800618e-01 -1.19152582e-01  3.58280402e-01
  5.12471891e-01 -6.90370191e-01  1.11681695e-01 -6.38395437e-01
 -2.90098723e-01  5.85645099e-02  1.40994160e-01  3.84671872e-01
  4.42702854e-02  3.26107382e-02  2.56094731e-01 -3.28972664e-01
  2.30202065e-01 -3.03891403e-01 -2.88086718e-01 -2.95563534e-02
  1.15971837e-01  1.91590718e-01 -1.96787541e-02 -1.19169546e-02
 -1.95091072e-01  2.00597055e-02 -5.26022507e-02 -1.30910755e-01
  1.63489342e-01  1.95626826e-01  2.51150105e-01 -2.54058934e-01
  1.03883461e-01  8.52523217e-02  1.56128744e-01  8.97839060e-02
 -1.14702832e-01 -1.88027874e-01 -2.29893077e-01  2.49244312e-03
  1.68485055e-01  1.27353401e-01 -4.49852432e-01  9.86817174e-02
 -3.31368651e-01  2.55122318e-01 -8.02554590e-02  1.95528047e-01
 -3.75408749e-02  7.53209911e-02  1.08821334e-01  1.54362426e-01
  4.18324798e-02  1.92303243e-01 -6.05975396e-02 -9.49559385e-03
 -1.48237117e-03 -1.87802647e-01  1.05308154e-02 -3.21098323e-01
  5.15466461e-02 -2.67335418e-02  1.28734004e-01 -1.67983563e-01
  2.45557679e-01 -2.70635901e-01  2.96227513e-01  5.73016983e-02
  2.15112145e-01  1.74624612e-01  1.83092769e-01  1.37937056e-01
  2.45941686e-02  2.96362151e-01 -1.80769139e-01 -2.91449484e-01
 -4.22958019e-02 -1.47081706e-01 -7.97134794e-03  1.58517682e-01
 -6.05936586e-02  5.33678948e-02 -2.10536489e-01  1.41568661e-01
  3.84162014e-02 -6.76813737e-02  9.61077152e-02 -9.22460877e-02
 -7.21677030e-01  1.67683886e-01 -1.85520798e-01 -3.53733625e-02
 -1.38025666e-01  1.34756474e-01  1.12027664e-01  3.44349735e-02
 -4.71730363e-03 -6.03634949e-01  1.66353026e+00  2.44262368e-01
 -3.14172548e+00 -2.03126197e+00  6.79585782e-01  1.97081878e+00
 -1.23687220e+00 -2.00627864e+00  1.40176889e+00  9.95076494e-01
 -1.62446342e+00  6.51191262e-01  3.78084564e-01 -8.40068932e-01
 -6.22374980e-01 -5.28252536e-01 -1.87988883e-01 -1.00162112e-03
  5.15459847e-01  1.93446081e-01 -2.52328493e-01  2.39199525e-02
  5.56589580e-03  3.46627967e-02  5.31041183e-01  8.51981034e-01
 -6.35502575e-01  8.10948803e-01  1.46231987e+00 -4.17137785e-01
  1.14157058e+00  2.70252609e+00 -4.64418869e-01 -1.07510710e+00
 -2.99268815e-01  2.90215291e-01  8.64604811e-01 -4.19002346e-01
 -1.99274196e+00 -6.25887420e-01  5.78589010e-01  2.65728582e-01
 -2.85005981e-01  3.99955451e-01 -1.17152206e-01 -4.09115106e-01
 -1.53996522e+00 -1.53573979e+00  1.64690078e-01 -2.88933237e-01
 -3.32629551e-01  6.44990511e-02 -6.27180841e-01  6.34990381e-01
  1.73341786e-01  3.88186463e-01 -6.05453131e-01 -1.71295144e+00
 -1.96588589e+00  3.04537475e-01  7.14049191e-02  8.21196258e-02
  5.76773836e-01  9.47253311e-01  2.54893319e-01  9.48406134e-01
  1.19174453e+00  1.07428470e+00  3.85778644e-01  3.98494614e-01
  1.85064598e+00  1.21902795e+00 -1.54374087e+00 -8.86961934e-01
 -1.28765398e+00 -2.36865531e-01 -1.46995393e+00  2.32208135e-01
 -3.57624674e-01 -2.11028577e+00 -1.63108194e+00 -9.58353355e-01
 -3.66198680e-01  5.15898131e-01  7.86480223e-01  5.29583591e-01
  1.13052899e+00  9.35112643e-01  1.94457822e+00 -3.46968899e-01
 -5.00742432e-01 -9.99188766e-02  6.10278106e-01  1.86232935e+00
 -3.76832278e-01 -2.40269010e-01 -4.91221571e-02  2.72132791e-01
 -3.99689339e-01 -5.75093130e-01  5.00592399e-01 -4.53968379e-01
 -1.25149546e+00  4.13281172e-01 -6.06061762e-01  1.14484985e+00
  6.80969772e-01 -4.10385875e-01  2.53731815e-01 -3.14113167e-01
 -3.71946556e-01  7.89211115e-01  2.37299899e-02 -2.35338338e+00
  4.26911906e-01 -7.10604080e-01  1.54109772e+00  8.61939631e-01
  1.13880796e+00  6.47163800e-01  1.42986952e+00  1.34431521e+00
 -1.72995633e-01 -6.33542446e-01  3.61650479e-02 -7.33813663e-01
 -1.00764598e+00  1.31563522e+00 -1.34473880e+00 -1.83454848e+00
  1.15572408e-02 -9.58670616e-01 -2.11599855e-01 -6.33143074e-01
 -1.60251884e-01 -5.09167146e-01 -4.47303784e-01  8.18196007e-01
  3.75061969e-01 -4.03767719e-01  1.50830188e+00  1.45018520e+00
  2.38376037e-01  1.48086114e-01  9.90647277e-01  1.07225927e+00
  6.03409536e-01  9.85212780e-01 -3.75771683e-02 -2.15600851e-01
  1.00474364e+00  1.86134113e-01 -4.85087828e-01  1.25865562e+00
  3.08713089e-01 -5.66946491e-01 -1.22809365e+00 -2.02975739e-01
  3.91061494e-01 -1.64009787e+00 -1.40945622e-01  5.80150946e-01
 -3.94157508e-02  1.52330314e-01  1.34922906e+00  3.91762988e-01
 -2.94864771e-01 -2.06400419e+00 -5.33108662e-01  7.29569597e-01
 -1.45995999e+00 -3.09302693e-02  1.67690746e-01  6.37537238e-01
 -5.35864594e-01 -3.30625900e-01 -1.30813457e-01 -2.30596892e-01
 -1.35356406e+00  1.85174150e+00  6.32193398e-01 -2.31720327e+00
  5.63499470e-01 -5.42045671e-01 -2.41680512e-01  5.35937804e-02
 -2.08181207e+00 -2.15633403e-01  1.01253207e+00 -5.60850945e-02
  1.84610499e+00  1.72098144e+00 -2.09753439e+00 -1.07253770e+00
  2.17017603e-01 -1.76757841e+00 -8.35095067e-01 -9.70156964e-01
  1.52122142e+00 -4.67876673e-01 -2.32321026e+00  1.36382203e-01
 -6.99468520e-02 -1.20284272e+00  1.09186041e-01 -1.01316950e+00
 -2.37692444e-01  6.87447486e-02 -1.07403269e+00  2.72831586e-01
 -8.58936454e-02  3.34824306e-01  2.14710656e-01 -7.33896558e-02
 -6.43890158e-02 -1.45682056e+00  1.47859604e-01 -3.32660353e-01
 -6.21318243e-01 -1.21559222e-01  3.16170326e-01 -5.05885207e-01
  1.42717000e+00  2.28728018e-01  2.29121609e-01 -2.03854514e-01
 -1.86464904e+00  3.64906797e-01 -1.16267440e-01  1.79352150e-01
  1.29115339e+00 -1.83925777e-01  5.01163944e-01  2.10680907e+00
 -8.64940374e-01  1.58837866e+00  6.77680541e-01 -1.41232635e+00
  1.34360802e+00  1.47847262e+00 -2.45515520e+00  6.76507976e-01
  1.76766399e-01  2.12165917e-01 -1.84287770e-01 -6.29710436e-01
  7.14900083e-01 -1.15157858e-01  7.13953106e-01  5.95164520e-01
 -3.75877654e-01  1.28646255e+00 -1.06802690e+00 -9.92126881e-01
 -4.80030290e-01 -1.84233128e-01  6.16639112e-01 -1.13776091e+00
  6.95386245e-01 -5.75680711e-01 -1.86596142e-01  3.78688334e-01
 -6.77764445e-01  2.38833940e-01  2.63938515e-02  5.21621228e-02
 -3.74736252e-02  4.68312468e-02  6.34662650e-01  7.11752109e-01
  7.05832395e-02  1.23380951e-01  5.12653704e-02 -5.19617667e-01
  2.94256989e-01 -3.40141680e-01 -7.67418484e-01 -1.72201651e+00
 -1.22044947e+00  4.65498668e-01  4.46560750e-01  6.82345421e-01
  1.88242992e+00  9.26030583e-01  4.72988284e-01 -2.55361445e-01
 -1.61250093e-01 -8.28706486e-01 -1.76523135e-01 -3.45953909e-01
  8.95189286e-01  2.06114733e-01  3.28569212e-01 -1.51786313e-01
  4.73929952e-01 -1.28796603e-01 -1.75399154e-01 -5.85606682e-01
 -4.64291901e-01  4.10767584e-02 -1.90144320e-01  8.72537292e-01
 -2.92903790e-01 -3.81121200e-01  4.71303437e-01 -6.67267307e-02
  1.33386544e+00  4.53493822e-02 -1.58433754e-01  2.64726516e-02
 -1.43082754e+00 -2.20568971e-01 -9.86330783e-02  1.74119870e-01
 -1.85119790e-01 -6.35106759e-01 -4.39060246e-02  3.47208138e-04
 -1.26151207e-01  9.57089566e-02  3.35217027e-02  1.77581082e-01
 -7.97201058e-01 -3.57609622e-01  4.28400299e-01  6.57462701e-01
 -1.30045179e-01 -9.71039902e-02  2.00734512e-01 -1.67023724e-01
  2.79883578e-01 -1.00635575e+00  5.72707898e-01 -3.16781525e-01
 -2.87424229e-01  2.03845433e-01 -3.69300685e-01  6.66195544e-01
 -3.60042436e-01  1.41723841e-01 -2.13469602e-01 -2.74310686e-01
  7.27718565e-01  3.62774486e-01 -5.23519837e-01 -1.73184659e-01
 -7.20194390e-02  1.19429264e-01  1.41226609e-01 -8.28797597e-02
  2.16110276e-01  3.04002886e-02  1.59896553e-01 -1.70145918e-01
  2.75002736e-01  2.80881675e-01 -3.66065485e-01  1.15892403e-01
  1.39596239e-01 -2.41887384e-01  5.89403282e-01  2.52759377e-01
  4.64618670e-01 -2.71343781e-01  4.64903433e-01 -1.31812956e-02
 -1.55975369e-01 -8.35027111e-02]
'fit' took 8848.54 ms on rank 0
'error_analysis' took 8526.18 ms on rank 0
'write_output' took 1914.87 ms on rank 0
